#
# A fatal error has been detected by the Java Runtime Environment:
#
#  EXCEPTION_ACCESS_VIOLATION (0xc0000005) at pc=0x000000006dad29a5, pid=2416, tid=2364
#
# JRE version: 6.0_24-b07
# Java VM: Java HotSpot(TM) 64-Bit Server VM (19.1-b02 mixed mode windows-amd64 compressed oops)
# Problematic frame:
# V  [jvm.dll+0x2429a5]
#
# If you would like to submit a bug report, please visit:
#   http://java.sun.com/webapps/bugreport/crash.jsp
#

---------------  T H R E A D  ---------------

Current thread (0x000000000631b000):  JavaThread "Java2D Disposer" daemon [_thread_in_vm, id=2364, stack(0x0000000006d30000,0x0000000006e30000)]

siginfo: ExceptionCode=0xc0000005, reading address 0x0000000000000011

Registers:
RAX=0x0000000006e2f498, RBX=0x000000000052ab48, RCX=0x0000000000000000, RDX=0x000000000631b000
RSP=0x0000000006e2f3f0, RBP=0x0000000000000000, RSI=0x0000000006204320, RDI=0x0000000006e2f5e0
R8=0x0000000000000001, R9=0x0000000000000001, R10=0x0000000000000000, R11=0x0000000006e2f568
R12=0x000000000631b000, R13=0x000000000052ab40, R14=0x0000000006e2f5b0, R15=0x0000000000000003
RIP=0x000000006dad29a5, EFLAGS=0x0000000000010203

Register to memory mapping:

RAX=0x0000000006e2f498
0x0000000006e2f498 is pointing into the stack for thread: 0x000000000631b000
"Java2D Disposer" daemon prio=10 tid=0x000000000631b000 nid=0x93c runnable [0x0000000006e2f000]
   java.lang.Thread.State: RUNNABLE

RBX=0x000000000052ab48
0x000000000052ab48 is pointing to unknown location

RCX=0x0000000000000000
0x0000000000000000 is pointing to unknown location

RDX=0x000000000631b000
"Java2D Disposer" daemon prio=10 tid=0x000000000631b000 nid=0x93c runnable [0x0000000006e2f000]
   java.lang.Thread.State: RUNNABLE

RSP=0x0000000006e2f3f0
0x0000000006e2f3f0 is pointing into the stack for thread: 0x000000000631b000
"Java2D Disposer" daemon prio=10 tid=0x000000000631b000 nid=0x93c runnable [0x0000000006e2f000]
   java.lang.Thread.State: RUNNABLE

RBP=0x0000000000000000
0x0000000000000000 is pointing to unknown location

RSI=0x0000000006204320
0x0000000006204320 is pointing to unknown location

RDI=0x0000000006e2f5e0
0x0000000006e2f5e0 is pointing into the stack for thread: 0x000000000631b000
"Java2D Disposer" daemon prio=10 tid=0x000000000631b000 nid=0x93c runnable [0x0000000006e2f000]
   java.lang.Thread.State: RUNNABLE

R8 =0x0000000000000001
0x0000000000000001 is pointing to unknown location

R9 =0x0000000000000001
0x0000000000000001 is pointing to unknown location

R10=0x0000000000000000
0x0000000000000000 is pointing to unknown location

R11=0x0000000006e2f568
0x0000000006e2f568 is pointing into the stack for thread: 0x000000000631b000
"Java2D Disposer" daemon prio=10 tid=0x000000000631b000 nid=0x93c runnable [0x0000000006e2f000]
   java.lang.Thread.State: RUNNABLE

R12=0x000000000631b000
"Java2D Disposer" daemon prio=10 tid=0x000000000631b000 nid=0x93c runnable [0x0000000006e2f000]
   java.lang.Thread.State: RUNNABLE

R13=0x000000000052ab40
0x000000000052ab40 is pointing to unknown location

R14=0x0000000006e2f5b0
0x0000000006e2f5b0 is pointing into the stack for thread: 0x000000000631b000
"Java2D Disposer" daemon prio=10 tid=0x000000000631b000 nid=0x93c runnable [0x0000000006e2f000]
   java.lang.Thread.State: RUNNABLE

R15=0x0000000000000003
0x0000000000000003 is pointing to unknown location


Top of Stack: (sp=0x0000000006e2f3f0)
0x0000000006e2f3f0:   000000000631b000 000000006dc61e56
0x0000000006e2f400:   000000000061a658 000000000061a658
0x0000000006e2f410:   000000000061a640 000000006dc622f4
0x0000000006e2f420:   0000000006204320 000000000052a710
0x0000000006e2f430:   000000000052a720 000000000052aaf8
0x0000000006e2f440:   0000000006201480 000000000000000b
0x0000000006e2f450:   0000000006201480 000000006dce40b0
0x0000000006e2f460:   00000000bbff9cf8 0000000006e2f4b8
0x0000000006e2f470:   000000000631b000 0000000006e2f5e0
0x0000000006e2f480:   000000000631b1c8 0000000000000000
0x0000000006e2f490:   0000000006e2f4b8 000000000052ab40
0x0000000006e2f4a0:   0000000002615b22 0000000000000000
0x0000000006e2f4b0:   00000000eb04a1b0 000007fefd5310ac
0x0000000006e2f4c0:   0000000006e2f4c0 00000000bbff9e45
0x0000000006e2f4d0:   0000000000610000 00000000772d019f
0x0000000006e2f4e0:   0000000008717900 0000000006e2f498 

Instructions: (pc=0x000000006dad29a5)
0x000000006dad2995:   00 00 4c 89 2c c8 ff 84 24 08 01 00 00 4c 8b 03
0x000000006dad29a5:   49 8b 40 10 4d 8b 40 18 0f b7 48 42 4d 8b 44 c8 


Stack: [0x0000000006d30000,0x0000000006e30000],  sp=0x0000000006e2f3f0,  free space=1020k
Native frames: (J=compiled Java code, j=interpreted, Vv=VM code, C=native code)
V  [jvm.dll+0x2429a5]

[error occurred during error reporting (printing native stack), id 0xc0000005]

Java frames: (J=compiled Java code, j=interpreted, Vv=VM code)
j  java.awt.Cursor.finalizeImpl(J)V+0
j  java.awt.Cursor.access$000(J)V+1
j  java.awt.Cursor$CursorDisposer.dispose()V+13
j  sun.java2d.Disposer.run()V+26
j  java.lang.Thread.run()V+11
v  ~StubRoutines::call_stub

---------------  P R O C E S S  ---------------

Java Threads: ( => current thread )
  0x0000000006320000 JavaThread "Thread-1" daemon [_thread_in_native, id=3716, stack(0x0000000007030000,0x0000000007130000)]
  0x000000000631e000 JavaThread "TimerQueue" daemon [_thread_blocked, id=3812, stack(0x000000000a860000,0x000000000a960000)]
  0x0000000006323800 JavaThread "DestroyJavaVM" [_thread_blocked, id=2308, stack(0x0000000002510000,0x0000000002610000)]
  0x000000000631d000 JavaThread "AWT-EventQueue-0" [_thread_blocked, id=2460, stack(0x00000000073f0000,0x00000000074f0000)]
  0x000000000631c000 JavaThread "AWT-Shutdown" [_thread_blocked, id=3768, stack(0x0000000006e30000,0x0000000006f30000)]
=>0x000000000631b000 JavaThread "Java2D Disposer" daemon [_thread_in_vm, id=2364, stack(0x0000000006d30000,0x0000000006e30000)]
  0x0000000006211000 JavaThread "Low Memory Detector" daemon [_thread_blocked, id=2936, stack(0x00000000067c0000,0x00000000068c0000)]
  0x0000000006204800 JavaThread "CompilerThread1" daemon [_thread_blocked, id=3200, stack(0x00000000066c0000,0x00000000067c0000)]
  0x0000000000527800 JavaThread "CompilerThread0" daemon [_thread_blocked, id=2484, stack(0x00000000065c0000,0x00000000066c0000)]
  0x0000000000526000 JavaThread "Attach Listener" daemon [_thread_blocked, id=2868, stack(0x00000000064c0000,0x00000000065c0000)]
  0x0000000000525000 JavaThread "Signal Dispatcher" daemon [_thread_blocked, id=3824, stack(0x00000000063c0000,0x00000000064c0000)]
  0x0000000000511800 JavaThread "Finalizer" daemon [_thread_blocked, id=760, stack(0x00000000060c0000,0x00000000061c0000)]
  0x0000000000508000 JavaThread "Reference Handler" daemon [_thread_blocked, id=1052, stack(0x0000000005fc0000,0x00000000060c0000)]

Other Threads:
  0x0000000000500800 VMThread [stack: 0x0000000005ec0000,0x0000000005fc0000] [id=3848]
  0x0000000006222800 WatcherThread [stack: 0x00000000068c0000,0x00000000069c0000] [id=2100]

VM state:not at safepoint (normal execution)

VM Mutex/Monitor currently owned by a thread: None

Heap
 PSYoungGen      total 21376K, used 3141K [0x00000000eb000000, 0x00000000ecb80000, 0x0000000100000000)
  eden space 15360K, 2% used [0x00000000eb000000,0x00000000eb061760,0x00000000ebf00000)
  from space 6016K, 45% used [0x00000000ec5a0000,0x00000000ec850010,0x00000000ecb80000)
  to   space 6400K, 0% used [0x00000000ebf00000,0x00000000ebf00000,0x00000000ec540000)
 PSOldGen        total 43008K, used 7794K [0x00000000c1000000, 0x00000000c3a00000, 0x00000000eb000000)
  object space 43008K, 18% used [0x00000000c1000000,0x00000000c179c800,0x00000000c3a00000)
 PSPermGen       total 25472K, used 25355K [0x00000000bbe00000, 0x00000000bd6e0000, 0x00000000c1000000)
  object space 25472K, 99% used [0x00000000bbe00000,0x00000000bd6c2e18,0x00000000bd6e0000)

Dynamic libraries:
0x0000000000400000 - 0x000000000042e000 	C:\Program Files\Java\jdk1.6.0_24\jre\bin\java.exe
0x00000000772b0000 - 0x000000007745c000 	C:\Windows\SYSTEM32\ntdll.dll
0x0000000077190000 - 0x00000000772af000 	C:\Windows\system32\kernel32.dll
0x000007fefd530000 - 0x000007fefd59c000 	C:\Windows\system32\KERNELBASE.dll
0x000007fefda80000 - 0x000007fefdb5b000 	C:\Windows\system32\ADVAPI32.dll
0x000007fefe290000 - 0x000007fefe32f000 	C:\Windows\system32\msvcrt.dll
0x000007fefd5f0000 - 0x000007fefd60f000 	C:\Windows\SYSTEM32\sechost.dll
0x000007fefe590000 - 0x000007fefe6be000 	C:\Windows\system32\RPCRT4.dll
0x000000006d890000 - 0x000000006df94000 	C:\Program Files\Java\jdk1.6.0_24\jre\bin\server\jvm.dll
0x0000000077090000 - 0x000000007718a000 	C:\Windows\system32\USER32.dll
0x000007feff520000 - 0x000007feff587000 	C:\Windows\system32\GDI32.dll
0x000007fefda70000 - 0x000007fefda7e000 	C:\Windows\system32\LPK.dll
0x000007feff450000 - 0x000007feff51a000 	C:\Windows\system32\USP10.dll
0x000007fefafe0000 - 0x000007fefb01b000 	C:\Windows\system32\WINMM.dll
0x000007feff590000 - 0x000007feff5be000 	C:\Windows\system32\IMM32.DLL
0x000007fefd790000 - 0x000007fefd899000 	C:\Windows\system32\MSCTF.dll
0x000000006d800000 - 0x000000006d80e000 	C:\Program Files\Java\jdk1.6.0_24\jre\bin\verify.dll
0x000000006d450000 - 0x000000006d477000 	C:\Program Files\Java\jdk1.6.0_24\jre\bin\java.dll
0x000000006d3b0000 - 0x000000006d3ba000 	C:\Program Files\Java\jdk1.6.0_24\jre\bin\hpi.dll
0x0000000077480000 - 0x0000000077487000 	C:\Windows\system32\PSAPI.DLL
0x000000006d850000 - 0x000000006d862000 	C:\Program Files\Java\jdk1.6.0_24\jre\bin\zip.dll
0x000000006d0a0000 - 0x000000006d263000 	C:\Program Files\Java\jdk1.6.0_24\jre\bin\awt.dll
0x000007fef7ea0000 - 0x000007fef7f10000 	C:\Windows\system32\WINSPOOL.DRV
0x000007fefe080000 - 0x000007fefe282000 	C:\Windows\system32\ole32.dll
0x000007fefe6c0000 - 0x000007feff446000 	C:\Windows\system32\SHELL32.dll
0x000007fefdd40000 - 0x000007fefddb1000 	C:\Windows\system32\SHLWAPI.dll
0x000007fefbc70000 - 0x000007fefbe64000 	C:\Windows\WinSxS\amd64_microsoft.windows.common-controls_6595b64144ccf1df_6.0.7600.16661_none_fa62ad231704eab7\COMCTL32.dll
0x000007fefb4d0000 - 0x000007fefb4e8000 	C:\Windows\system32\DWMAPI.DLL
0x000007fefb990000 - 0x000007fefb9e6000 	C:\Windows\system32\uxtheme.dll
0x000000006d340000 - 0x000000006d3a6000 	C:\Program Files\Java\jdk1.6.0_24\jre\bin\fontmanager.dll
0x000007fefd140000 - 0x000007fefd14f000 	C:\Windows\system32\CRYPTBASE.dll
0x000007fefcae0000 - 0x000007fefcaf7000 	C:\Windows\system32\CRYPTSP.dll
0x000007fefc7a0000 - 0x000007fefc7e7000 	C:\Windows\system32\rsaenh.dll
0x000007fefc500000 - 0x000007fefc51e000 	C:\Windows\system32\USERENV.dll
0x000007fefd170000 - 0x000007fefd17f000 	C:\Windows\system32\profapi.dll
0x000000006d6a0000 - 0x000000006d6b7000 	C:\Program Files\Java\jdk1.6.0_24\jre\bin\net.dll
0x000007fefdea0000 - 0x000007fefdeed000 	C:\Windows\system32\WS2_32.dll
0x000007fefd5e0000 - 0x000007fefd5e8000 	C:\Windows\system32\NSI.dll
0x000007fefca80000 - 0x000007fefcad4000 	C:\Windows\system32\mswsock.dll
0x000007fefca70000 - 0x000007fefca77000 	C:\Windows\System32\wship6.dll
0x000007fefb6f0000 - 0x000007fefb705000 	C:\Windows\system32\NLAapi.dll
0x000007fefc8c0000 - 0x000007fefc91b000 	C:\Windows\system32\DNSAPI.dll
0x000007fef5c40000 - 0x000007fef5c4b000 	C:\Windows\System32\winrnr.dll
0x000007fef5c20000 - 0x000007fef5c35000 	C:\Windows\system32\napinsp.dll
0x000007fef5b90000 - 0x000007fef5ba9000 	C:\Windows\system32\pnrpnsp.dll
0x000007fef85e0000 - 0x000007fef860f000 	C:\Program Files\Common Files\Microsoft Shared\Windows Live\WLIDNSP.DLL
0x000007fefc400000 - 0x000007fefc407000 	C:\Windows\System32\wshtcpip.dll
0x000007fefa9f0000 - 0x000007fefaa17000 	C:\Windows\system32\IPHLPAPI.DLL
0x000007fefad00000 - 0x000007fefad0b000 	C:\Windows\system32\WINNSI.DLL
0x000007fef85c0000 - 0x000007fef85c8000 	C:\Windows\system32\rasadhlp.dll
0x000007fefa610000 - 0x000007fefa663000 	C:\Windows\System32\fwpuclnt.dll
0x000000006d5f0000 - 0x000000006d69f000 	C:\Program Files\Java\jdk1.6.0_24\jre\bin\mlib_image.dll
0x000000006d6c0000 - 0x000000006d6cb000 	C:\Program Files\Java\jdk1.6.0_24\jre\bin\nio.dll
0x000007fefddc0000 - 0x000007fefde97000 	C:\Windows\system32\OLEAUT32.dll
0x000007fefdfe0000 - 0x000007fefe079000 	C:\Windows\system32\CLBCatQ.DLL
0x000007fefb9f0000 - 0x000007fefbb1c000 	C:\Windows\system32\propsys.dll
0x000007fefb320000 - 0x000007fefb34d000 	C:\Windows\system32\ntmarta.dll
0x000007fefdef0000 - 0x000007fefdf40000 	C:\Windows\system32\WLDAP32.dll
0x000007fefdb60000 - 0x000007fefdd37000 	C:\Windows\system32\SETUPAPI.dll
0x000007fefd4d0000 - 0x000007fefd506000 	C:\Windows\system32\CFGMGR32.dll
0x000007fefd510000 - 0x000007fefd52a000 	C:\Windows\system32\DEVOBJ.dll
0x000007fefd0e0000 - 0x000007fefd137000 	C:\Windows\system32\apphelp.dll
0x000007fefab60000 - 0x000007fefab6b000 	C:\Windows\system32\slc.dll
0x000007fef8610000 - 0x000007fef8628000 	C:\Windows\system32\MPR.dll
0x000007fef54a0000 - 0x000007fef54aa000 	C:\Windows\System32\drprov.dll
0x000007fefca30000 - 0x000007fefca6d000 	C:\Windows\System32\WINSTA.dll
0x000007fef2f80000 - 0x000007fef2fa2000 	C:\Windows\System32\ntlanman.dll
0x000007fef45b0000 - 0x000007fef45cc000 	C:\Windows\System32\davclnt.dll
0x000007fef5150000 - 0x000007fef515a000 	C:\Windows\System32\DAVHLPR.dll
0x000007fefb020000 - 0x000007fefb035000 	C:\Windows\system32\wkscli.dll
0x000007fef7770000 - 0x000007fef777f000 	C:\Windows\system32\cscapi.dll
0x000007fefb040000 - 0x000007fefb04c000 	C:\Windows\system32\netutils.dll
0x000007fefd5a0000 - 0x000007fefd5da000 	C:\Windows\system32\WINTRUST.dll
0x000007fefd2c0000 - 0x000007fefd426000 	C:\Windows\system32\CRYPT32.dll
0x000007fefd2b0000 - 0x000007fefd2bf000 	C:\Windows\system32\MSASN1.dll
0x000007fef7470000 - 0x000007fef747c000 	C:\Windows\system32\LINKINFO.dll
0x000000006d2b0000 - 0x000000006d2d8000 	C:\Program Files\Java\jdk1.6.0_24\jre\bin\dcpr.dll
0x000007fefd150000 - 0x000007fefd164000 	C:\Windows\system32\RpcRtRemote.dll

VM Arguments:
jvm_args: -Dfile.encoding=UTF-8 
java_command: ispd.Main
Launcher Type: SUN_STANDARD

Environment Variables:
JAVA_HOME=C:\Program Files\Java\jdk1.6.0_24
PATH=C:\Program Files\Common Files\Microsoft Shared\Windows Live;C:\Program Files (x86)\Common Files\Microsoft Shared\Windows Live;C:\Windows\system32;C:\Windows;C:\Windows\System32\Wbem;C:\Windows\System32\WindowsPowerShell\v1.0\;c:\Xilinx\bin\nt;C:\Program Files (x86)\Microsoft SQL Server\90\Tools\binn\;C:\Program Files\Microsoft Compute Cluster Pack\Bin\;C:\Program Files (x86)\Windows Live\Shared;C:\Program Files\TortoiseSVN\bin;C:\Program Files\Java\jdk1.6.0_24\bin;C:\Program Files\Java\javacc-5.0\bin;C:\Program Files\Common Files\Microsoft Shared\Windows Live;C:\Program Files (x86)\Common Files\Microsoft Shared\Windows Live;C:\Windows\system32;C:\Windows;C:\Windows\System32\Wbem;C:\Windows\System32\WindowsPowerShell\v1.0\;c:\Xilinx\bin\nt;C:\Program Files (x86)\Microsoft SQL Server\90\Tools\binn\;C:\Program Files\Microsoft Compute Cluster Pack\Bin\;C:\Program Files (x86)\Windows Live\Shared;C:\Program Files\TortoiseSVN\bin;C:\Program Files\Java\jdk1.6.0_24\bin;C:\Program Files\Java\javacc-5.0\bin;C:\Program Files\Common Files\Microsoft Shared\Windows Live;C:\Program Files (x86)\Common Files\Microsoft Shared\Windows Live;C:\Windows\system32;C:\Windows;C:\Windows\System32\Wbem;C:\Windows\System32\WindowsPowerShell\v1.0\;1ILINX\bin\nt;C:\Program Files (x86)\Microsoft SQL Server\90\Tools\binn\;C:\Program Files\Microsoft Compute Cluster Pack\Bin\;C:\Program Files (x86)\Windows Live\Shared;C:\Program Files\TortoiseSVN\bin;C:\Program Files\Java\jdk1.6.0_24\bin;C:\Program Files\Java\javacc-5.0\bin;C:\Windows\System32;C:\Program Files (x86)\Subversion\bin;C:\Program Files (x86)\Subversion\bin;C:\Program Files (x86)\Subversion\bin;C:\Program Files (x86)\Subversion\bin;C:\Program Files (x86)\Subversion\bin;C:\Program Files (x86)\Subversion\bin;F:\Executaveis\MiKTeX\miktex\bin;
USERNAME=denison_usuario
OS=Windows_NT
PROCESSOR_IDENTIFIER=Intel64 Family 6 Model 23 Stepping 10, GenuineIntel



---------------  S Y S T E M  ---------------

OS: Windows 7 Build 7600 

CPU:total 2 (2 cores per cpu, 1 threads per core) family 6 model 23 stepping 10, cmov, cx8, fxsr, mmx, sse, sse2, sse3, ssse3, sse4.1

Memory: 4k page, physical 4125592k(1599788k free), swap 8249284k(5551728k free)

vm_info: Java HotSpot(TM) 64-Bit Server VM (19.1-b02) for windows-amd64 JRE (1.6.0_24-b07), built on Feb  2 2011 16:25:45 by "java_re" with MS VC++ 8.0 (VS2005)

time: Thu Jan 05 10:49:47 2012
elapsed time: 508 seconds

